[0m00:51:00.622242 [debug] [MainThread]: Sending event: {'category': 'dbt', 'action': 'invocation', 'label': 'start', 'context': [<snowplow_tracker.self_describing_json.SelfDescribingJson object at 0x0000015E16456850>, <snowplow_tracker.self_describing_json.SelfDescribingJson object at 0x0000015E16455F10>, <snowplow_tracker.self_describing_json.SelfDescribingJson object at 0x0000015E164579D0>]}


============================== 00:51:00.624776 | 99944789-d0cd-4d40-804c-1ca4fa6db6c8 ==============================
[0m00:51:00.624776 [info ] [MainThread]: Running with dbt=1.8.0
[0m00:51:00.624776 [debug] [MainThread]: running dbt with arguments {'printer_width': '80', 'indirect_selection': 'eager', 'log_cache_events': 'False', 'write_json': 'True', 'partial_parse': 'True', 'cache_selected_only': 'False', 'warn_error': 'None', 'debug': 'False', 'version_check': 'True', 'log_path': 'logs', 'fail_fast': 'False', 'profiles_dir': 'C:\\Users\\mijai\\.dbt', 'use_colors': 'True', 'use_experimental_parser': 'False', 'no_print': 'None', 'quiet': 'False', 'log_format': 'default', 'static_parser': 'True', 'warn_error_options': 'WarnErrorOptions(include=[], exclude=[])', 'invocation_command': 'dbt clean', 'target_path': 'None', 'introspect': 'True', 'send_anonymous_usage_stats': 'True'}
[0m00:51:00.624776 [error] [MainThread]: Encountered an error:
Runtime Error
  No dbt_project.yml found at expected path C:\Users\mijai\kueski-analytics-engineer-mijail\dbt_project.yml
  Verify that each entry within packages.yml (and their transitive dependencies) contains a file named dbt_project.yml
  
[0m00:51:00.624776 [debug] [MainThread]: Command `dbt clean` failed at 00:51:00.624776 after 0.22 seconds
[0m00:51:00.624776 [debug] [MainThread]: Sending event: {'category': 'dbt', 'action': 'invocation', 'label': 'end', 'context': [<snowplow_tracker.self_describing_json.SelfDescribingJson object at 0x0000015E16419050>, <snowplow_tracker.self_describing_json.SelfDescribingJson object at 0x0000015E1640E090>, <snowplow_tracker.self_describing_json.SelfDescribingJson object at 0x0000015E161F8710>]}
[0m00:51:00.624776 [debug] [MainThread]: Flushing usage events
[0m00:51:04.424888 [debug] [MainThread]: Sending event: {'category': 'dbt', 'action': 'invocation', 'label': 'start', 'context': [<snowplow_tracker.self_describing_json.SelfDescribingJson object at 0x000001B6529D6DD0>, <snowplow_tracker.self_describing_json.SelfDescribingJson object at 0x000001B6529D6590>, <snowplow_tracker.self_describing_json.SelfDescribingJson object at 0x000001B6503EBE10>]}


============================== 00:51:04.424888 | 07734cdc-af70-41a4-923e-c1d538e103b2 ==============================
[0m00:51:04.424888 [info ] [MainThread]: Running with dbt=1.8.0
[0m00:51:04.424888 [debug] [MainThread]: running dbt with arguments {'printer_width': '80', 'indirect_selection': 'eager', 'write_json': 'True', 'log_cache_events': 'False', 'partial_parse': 'True', 'cache_selected_only': 'False', 'warn_error': 'None', 'debug': 'False', 'version_check': 'True', 'log_path': 'logs', 'fail_fast': 'False', 'profiles_dir': 'C:\\Users\\mijai\\.dbt', 'use_colors': 'True', 'use_experimental_parser': 'False', 'no_print': 'None', 'quiet': 'False', 'log_format': 'default', 'static_parser': 'True', 'introspect': 'True', 'warn_error_options': 'WarnErrorOptions(include=[], exclude=[])', 'target_path': 'None', 'invocation_command': 'dbt run', 'send_anonymous_usage_stats': 'True'}
[0m00:51:04.424888 [error] [MainThread]: Encountered an error:
Runtime Error
  No dbt_project.yml found at expected path C:\Users\mijai\kueski-analytics-engineer-mijail\dbt_project.yml
  Verify that each entry within packages.yml (and their transitive dependencies) contains a file named dbt_project.yml
  
[0m00:51:04.424888 [debug] [MainThread]: Command `dbt run` failed at 00:51:04.424888 after 0.09 seconds
[0m00:51:04.424888 [debug] [MainThread]: Sending event: {'category': 'dbt', 'action': 'invocation', 'label': 'end', 'context': [<snowplow_tracker.self_describing_json.SelfDescribingJson object at 0x000001B6529D6550>, <snowplow_tracker.self_describing_json.SelfDescribingJson object at 0x000001B65298D110>, <snowplow_tracker.self_describing_json.SelfDescribingJson object at 0x000001B64BFF5910>]}
[0m00:51:04.424888 [debug] [MainThread]: Flushing usage events
[0m00:51:08.016991 [debug] [MainThread]: Sending event: {'category': 'dbt', 'action': 'invocation', 'label': 'start', 'context': [<snowplow_tracker.self_describing_json.SelfDescribingJson object at 0x000002305D404310>, <snowplow_tracker.self_describing_json.SelfDescribingJson object at 0x000002305D39B890>, <snowplow_tracker.self_describing_json.SelfDescribingJson object at 0x000002305D39B690>]}


============================== 00:51:08.021934 | ed020b18-5259-47bf-b2f6-fdf9363a6744 ==============================
[0m00:51:08.021934 [info ] [MainThread]: Running with dbt=1.8.0
[0m00:51:08.021934 [debug] [MainThread]: running dbt with arguments {'printer_width': '80', 'indirect_selection': 'eager', 'write_json': 'True', 'log_cache_events': 'False', 'partial_parse': 'True', 'cache_selected_only': 'False', 'warn_error': 'None', 'debug': 'False', 'fail_fast': 'False', 'log_path': 'logs', 'profiles_dir': 'C:\\Users\\mijai\\.dbt', 'version_check': 'True', 'use_colors': 'True', 'use_experimental_parser': 'False', 'no_print': 'None', 'quiet': 'False', 'log_format': 'default', 'introspect': 'True', 'invocation_command': 'dbt ls', 'static_parser': 'True', 'target_path': 'None', 'warn_error_options': 'WarnErrorOptions(include=[], exclude=[])', 'send_anonymous_usage_stats': 'True'}
[0m00:51:08.021934 [error] [MainThread]: Encountered an error:
Runtime Error
  No dbt_project.yml found at expected path C:\Users\mijai\kueski-analytics-engineer-mijail\dbt_project.yml
  Verify that each entry within packages.yml (and their transitive dependencies) contains a file named dbt_project.yml
  
[0m00:51:08.026772 [debug] [MainThread]: Command `dbt ls` failed at 00:51:08.021934 after 0.09 seconds
[0m00:51:08.027682 [debug] [MainThread]: Sending event: {'category': 'dbt', 'action': 'invocation', 'label': 'end', 'context': [<snowplow_tracker.self_describing_json.SelfDescribingJson object at 0x000002305D39D210>, <snowplow_tracker.self_describing_json.SelfDescribingJson object at 0x000002305D39EB50>, <snowplow_tracker.self_describing_json.SelfDescribingJson object at 0x000002305D39D110>]}
[0m00:51:08.028758 [debug] [MainThread]: Flushing usage events
[0m23:46:34.574649 [debug] [MainThread]: Sending event: {'category': 'dbt', 'action': 'invocation', 'label': 'start', 'context': [<snowplow_tracker.self_describing_json.SelfDescribingJson object at 0x000002ACDF8E0C90>, <snowplow_tracker.self_describing_json.SelfDescribingJson object at 0x000002ACE16C51D0>, <snowplow_tracker.self_describing_json.SelfDescribingJson object at 0x000002ACE27BCA50>]}


============================== 23:46:34.593553 | b5fe482e-f914-4328-919b-541cc7dec14e ==============================
[0m23:46:34.593553 [info ] [MainThread]: Running with dbt=1.8.0
[0m23:46:34.595566 [debug] [MainThread]: running dbt with arguments {'printer_width': '80', 'indirect_selection': 'eager', 'write_json': 'True', 'log_cache_events': 'False', 'partial_parse': 'True', 'cache_selected_only': 'False', 'warn_error': 'None', 'version_check': 'True', 'fail_fast': 'False', 'log_path': 'logs', 'debug': 'False', 'profiles_dir': 'C:\\Users\\mijai\\.dbt', 'use_colors': 'True', 'use_experimental_parser': 'False', 'no_print': 'None', 'quiet': 'False', 'log_format': 'default', 'invocation_command': 'dbt seed --select funding_cost_rates', 'introspect': 'True', 'warn_error_options': 'WarnErrorOptions(include=[], exclude=[])', 'target_path': 'None', 'static_parser': 'True', 'send_anonymous_usage_stats': 'True'}
[0m23:46:34.598203 [error] [MainThread]: Encountered an error:
Runtime Error
  No dbt_project.yml found at expected path C:\Users\mijai\kueski-analytics-engineer-mijail\dbt_project.yml
  Verify that each entry within packages.yml (and their transitive dependencies) contains a file named dbt_project.yml
  
[0m23:46:34.601640 [debug] [MainThread]: Command `dbt seed` failed at 23:46:34.601640 after 0.24 seconds
[0m23:46:34.602694 [debug] [MainThread]: Sending event: {'category': 'dbt', 'action': 'invocation', 'label': 'end', 'context': [<snowplow_tracker.self_describing_json.SelfDescribingJson object at 0x000002ACE29D9210>, <snowplow_tracker.self_describing_json.SelfDescribingJson object at 0x000002ACE2A03710>, <snowplow_tracker.self_describing_json.SelfDescribingJson object at 0x000002ACE29CB3D0>]}
[0m23:46:34.604709 [debug] [MainThread]: Flushing usage events
